[www.freevpn.one/connect/index.html]
[backblue.gif]
[fade.gif]
[index.html]
[cdn.jsdelivr.net/npm/bootstrap@5.2.0-beta1/dist/css/bootstrap.min.css]
[stackpath.bootstrapcdn.com/bootstrap/4.4.1/js/bootstrap.min.js]
[www.freevpn.one/connect/favicon-32x32.png]
[www.freevpn.one/connect/favicon-16x16.png]
[www.freevpn.one/logo-128.png]
[pagead2.googlesyndication.com/pagead/js/fc7bf.txt]
[www.freevpn.one/images/disconnect.png]
[www.freevpn.one/images/flags/png/united-states.png]
[www.freevpn.one/images/flags/png/germany.png]
[www.freevpn.one/images/flags/png/netherlands.png]
[www.freevpn.one/images/flags/png/spain.png]
[www.freevpn.one/images/flags/png/united-kingdom.png]
[www.freevpn.one/images/flags/png/italy.png]
[www.freevpn.one/images/flags/png/kazakhstan.png]
[www.freevpn.one/images/flags/png/israel.png]
[www.freevpn.one/images/flags/png/united-arab-emirates.png]
[www.freevpn.one/images/flags/png/australia.png]
[www.freevpn.one/connect/addtochrome.png]
[www.freevpn.one/connect/sharing/1.png]
[www.freevpn.one/connect/loader.gif]
[www.freevpn.one/connect/index.html]
[cdn.jsdelivr.net/npm/bootstrap@5.2.0-beta1/dist/css/bootstrap.min.css]
[www.freevpn.one/connect/apple-touch-icon.html]
[www.freevpn.one/connect/+/index.html]
[www.freevpn.one/connect/GET.html]
